2020-01-05 13:44:36 INFO  [org.springframework.boot.StartupInfoLogger        ] : Starting CoreApplication on PC-201812242242 with PID 13516 (F:\Projects\maven\core\target\classes started by 韩惠德 in F:\Projects\maven)
2020-01-05 13:44:36 INFO  [org.springframework.boot.SpringApplication        ] : The following profiles are active: driver,toolkit
2020-01-05 13:44:37 INFO  [.repository.config.RepositoryConfigurationDelegate] : Multiple Spring Data modules found, entering strict repository configuration mode!
2020-01-05 13:44:37 INFO  [.repository.config.RepositoryConfigurationDelegate] : Bootstrapping Spring Data Redis repositories in DEFAULT mode.
2020-01-05 13:44:37 INFO  [.repository.config.RepositoryConfigurationDelegate] : Finished Spring Data repository scanning in 32ms. Found 0 Redis repository interfaces.
2020-01-05 13:44:37 INFO  [essorRegistrationDelegate$BeanPostProcessorChecker] : Bean 'org.springframework.transaction.annotation.ProxyTransactionManagementConfiguration' of type [org.springframework.transaction.annotation.ProxyTransactionManagementConfiguration] is not eligible for getting processed by all BeanPostProcessors (for example: not eligible for auto-proxying)
2020-01-05 13:44:37 INFO  [essorRegistrationDelegate$BeanPostProcessorChecker] : Bean 'redisConfig' of type [com.hanhuide.toolkit.config.RedisConfig$$EnhancerBySpringCGLIB$$7e3fa9ad] is not eligible for getting processed by all BeanPostProcessors (for example: not eligible for auto-proxying)
2020-01-05 13:44:37 INFO  [essorRegistrationDelegate$BeanPostProcessorChecker] : Bean 'org.springframework.security.config.annotation.configuration.ObjectPostProcessorConfiguration' of type [org.springframework.security.config.annotation.configuration.ObjectPostProcessorConfiguration] is not eligible for getting processed by all BeanPostProcessors (for example: not eligible for auto-proxying)
2020-01-05 13:44:37 INFO  [essorRegistrationDelegate$BeanPostProcessorChecker] : Bean 'objectPostProcessor' of type [org.springframework.security.config.annotation.configuration.AutowireBeanFactoryObjectPostProcessor] is not eligible for getting processed by all BeanPostProcessors (for example: not eligible for auto-proxying)
2020-01-05 13:44:37 INFO  [essorRegistrationDelegate$BeanPostProcessorChecker] : Bean 'org.springframework.security.access.expression.method.DefaultMethodSecurityExpressionHandler@4af45442' of type [org.springframework.security.oauth2.provider.expression.OAuth2MethodSecurityExpressionHandler] is not eligible for getting processed by all BeanPostProcessors (for example: not eligible for auto-proxying)
2020-01-05 13:44:37 INFO  [essorRegistrationDelegate$BeanPostProcessorChecker] : Bean 'org.springframework.security.config.annotation.method.configuration.GlobalMethodSecurityConfiguration' of type [org.springframework.security.config.annotation.method.configuration.GlobalMethodSecurityConfiguration] is not eligible for getting processed by all BeanPostProcessors (for example: not eligible for auto-proxying)
2020-01-05 13:44:37 INFO  [essorRegistrationDelegate$BeanPostProcessorChecker] : Bean 'methodSecurityMetadataSource' of type [org.springframework.security.access.method.DelegatingMethodSecurityMetadataSource] is not eligible for getting processed by all BeanPostProcessors (for example: not eligible for auto-proxying)
2020-01-05 13:44:38 INFO  [framework.boot.web.embedded.tomcat.TomcatWebServer] : Tomcat initialized with port(s): 9001 (http)
2020-01-05 13:44:38 INFO  [org.apache.juli.logging.DirectJDKLog              ] : Initializing ProtocolHandler ["http-nio-9001"]
2020-01-05 13:44:38 INFO  [org.apache.juli.logging.DirectJDKLog              ] : Starting service [Tomcat]
2020-01-05 13:44:38 INFO  [org.apache.juli.logging.DirectJDKLog              ] : Starting Servlet engine: [Apache Tomcat/9.0.29]
2020-01-05 13:44:38 INFO  [org.apache.juli.logging.DirectJDKLog              ] : Initializing Spring embedded WebApplicationContext
2020-01-05 13:44:38 INFO  [servlet.context.ServletWebServerApplicationContext] : Root WebApplicationContext: initialization completed in 2371 ms
2020-01-05 13:44:39 INFO  [com.hanhuide.driver.config.DynamicDataSourceConfig] : DataSources:{MASTER={
	CreateTime:"2020-01-05 13:44:39",
	ActiveCount:0,
	PoolingCount:0,
	CreateCount:0,
	DestroyCount:0,
	CloseCount:0,
	ConnectCount:0,
	Connections:[
	]
}, CLUSTER={
	CreateTime:"2020-01-05 13:44:39",
	ActiveCount:0,
	PoolingCount:0,
	CreateCount:0,
	DestroyCount:0,
	CloseCount:0,
	ConnectCount:0,
	Connections:[
	]
}}
2020-01-05 13:44:39 INFO  [com.alibaba.druid.pool.DruidDataSource            ] : {dataSource-1} inited
2020-01-05 13:44:41 INFO  [gframework.security.web.DefaultSecurityFilterChain] : Creating filter chain: Ant [pattern='/css/**'], []
2020-01-05 13:44:41 INFO  [gframework.security.web.DefaultSecurityFilterChain] : Creating filter chain: Ant [pattern='/js/**'], []
2020-01-05 13:44:41 INFO  [gframework.security.web.DefaultSecurityFilterChain] : Creating filter chain: Ant [pattern='/fonts/**'], []
2020-01-05 13:44:41 INFO  [gframework.security.web.DefaultSecurityFilterChain] : Creating filter chain: Ant [pattern='/images/**'], []
2020-01-05 13:44:41 INFO  [gframework.security.web.DefaultSecurityFilterChain] : Creating filter chain: Ant [pattern='/vendor/**'], []
2020-01-05 13:44:41 INFO  [gframework.security.web.DefaultSecurityFilterChain] : Creating filter chain: Ant [pattern='/kaptcha/render'], []
2020-01-05 13:44:41 INFO  [gframework.security.web.DefaultSecurityFilterChain] : Creating filter chain: Ant [pattern='/favicon.ico'], []
2020-01-05 13:44:41 INFO  [gframework.security.web.DefaultSecurityFilterChain] : Creating filter chain: Ant [pattern='/qq'], []
2020-01-05 13:44:41 INFO  [gframework.security.web.DefaultSecurityFilterChain] : Creating filter chain: Ant [pattern='zhifubao'], []
2020-01-05 13:44:41 INFO  [gframework.security.web.DefaultSecurityFilterChain] : Creating filter chain: any request, [org.springframework.security.web.context.request.async.WebAsyncManagerIntegrationFilter@4861cca9, org.springframework.security.web.context.SecurityContextPersistenceFilter@5d7f8467, org.springframework.security.web.header.HeaderWriterFilter@410fc508, org.springframework.security.web.authentication.logout.LogoutFilter@25c1f5ee, com.hanhuide.core.filter.JwtAuthenticationTokenFilter@5fed9976, org.springframework.security.web.authentication.UsernamePasswordAuthenticationFilter@e26a3df, org.springframework.security.web.authentication.www.BasicAuthenticationFilter@7c4b5ceb, org.springframework.security.web.savedrequest.RequestCacheAwareFilter@7caf1e5, org.springframework.security.web.servletapi.SecurityContextHolderAwareRequestFilter@4e974b9e, org.springframework.security.web.authentication.rememberme.RememberMeAuthenticationFilter@687eb455, org.springframework.security.web.authentication.AnonymousAuthenticationFilter@6c8f4bc7, org.springframework.security.web.session.SessionManagementFilter@4f5c30b1, org.springframework.security.web.access.ExceptionTranslationFilter@a316f6b, org.springframework.security.web.access.intercept.FilterSecurityInterceptor@29170a47]
2020-01-05 13:44:41 INFO  [ng.web.PropertySourcedRequestMappingHandlerMapping] : Mapped URL path [/v2/api-docs] onto method [springfox.documentation.swagger2.web.Swagger2Controller#getDocumentation(String, HttpServletRequest)]
2020-01-05 13:44:41 INFO  [scheduling.concurrent.ExecutorConfigurationSupport] : Initializing ExecutorService 'applicationTaskExecutor'
2020-01-05 13:44:41 INFO  [io.lettuce.core.EpollProvider                     ] : Starting without optional epoll library
2020-01-05 13:44:41 INFO  [io.lettuce.core.KqueueProvider                    ] : Starting without optional kqueue library
2020-01-05 13:44:42 INFO  [pring.web.plugins.DocumentationPluginsBootstrapper] : Context refreshed
2020-01-05 13:44:42 INFO  [pring.web.plugins.DocumentationPluginsBootstrapper] : Found 1 custom documentation plugin(s)
2020-01-05 13:44:42 INFO  [ion.spring.web.scanners.ApiListingReferenceScanner] : Scanning for api listing references
2020-01-05 13:44:43 INFO  [ng.annotation.ScheduledAnnotationBeanPostProcessor] : No TaskScheduler/ScheduledExecutorService bean found for scheduled processing
2020-01-05 13:44:43 INFO  [org.apache.juli.logging.DirectJDKLog              ] : Starting ProtocolHandler ["http-nio-9001"]
2020-01-05 13:44:43 INFO  [framework.boot.web.embedded.tomcat.TomcatWebServer] : Tomcat started on port(s): 9001 (http) with context path ''
2020-01-05 13:44:43 INFO  [org.springframework.boot.StartupInfoLogger        ] : Started CoreApplication in 8.144 seconds (JVM running for 13.587)
