2020-01-03 12:05:25 INFO  [org.springframework.boot.StartupInfoLogger        ] : Starting CoreApplication on PC-201812242242 with PID 13988 (F:\Projects\maven\core\target\classes started by 韩惠德 in F:\Projects\maven)
2020-01-03 12:05:25 INFO  [org.springframework.boot.SpringApplication        ] : The following profiles are active: driver,toolkit
2020-01-03 12:05:27 INFO  [.repository.config.RepositoryConfigurationDelegate] : Multiple Spring Data modules found, entering strict repository configuration mode!
2020-01-03 12:05:27 INFO  [.repository.config.RepositoryConfigurationDelegate] : Bootstrapping Spring Data Redis repositories in DEFAULT mode.
2020-01-03 12:05:27 INFO  [.repository.config.RepositoryConfigurationDelegate] : Finished Spring Data repository scanning in 34ms. Found 0 Redis repository interfaces.
2020-01-03 12:05:27 INFO  [essorRegistrationDelegate$BeanPostProcessorChecker] : Bean 'org.springframework.transaction.annotation.ProxyTransactionManagementConfiguration' of type [org.springframework.transaction.annotation.ProxyTransactionManagementConfiguration] is not eligible for getting processed by all BeanPostProcessors (for example: not eligible for auto-proxying)
2020-01-03 12:05:27 INFO  [essorRegistrationDelegate$BeanPostProcessorChecker] : Bean 'redisConfig' of type [com.hanhuide.toolkit.config.RedisConfig$$EnhancerBySpringCGLIB$$2798ade8] is not eligible for getting processed by all BeanPostProcessors (for example: not eligible for auto-proxying)
2020-01-03 12:05:27 INFO  [essorRegistrationDelegate$BeanPostProcessorChecker] : Bean 'org.springframework.security.config.annotation.configuration.ObjectPostProcessorConfiguration' of type [org.springframework.security.config.annotation.configuration.ObjectPostProcessorConfiguration] is not eligible for getting processed by all BeanPostProcessors (for example: not eligible for auto-proxying)
2020-01-03 12:05:27 INFO  [essorRegistrationDelegate$BeanPostProcessorChecker] : Bean 'objectPostProcessor' of type [org.springframework.security.config.annotation.configuration.AutowireBeanFactoryObjectPostProcessor] is not eligible for getting processed by all BeanPostProcessors (for example: not eligible for auto-proxying)
2020-01-03 12:05:27 INFO  [essorRegistrationDelegate$BeanPostProcessorChecker] : Bean 'org.springframework.security.access.expression.method.DefaultMethodSecurityExpressionHandler@4b6d92e' of type [org.springframework.security.access.expression.method.DefaultMethodSecurityExpressionHandler] is not eligible for getting processed by all BeanPostProcessors (for example: not eligible for auto-proxying)
2020-01-03 12:05:27 INFO  [essorRegistrationDelegate$BeanPostProcessorChecker] : Bean 'org.springframework.security.config.annotation.method.configuration.GlobalMethodSecurityConfiguration' of type [org.springframework.security.config.annotation.method.configuration.GlobalMethodSecurityConfiguration] is not eligible for getting processed by all BeanPostProcessors (for example: not eligible for auto-proxying)
2020-01-03 12:05:27 INFO  [essorRegistrationDelegate$BeanPostProcessorChecker] : Bean 'methodSecurityMetadataSource' of type [org.springframework.security.access.method.DelegatingMethodSecurityMetadataSource] is not eligible for getting processed by all BeanPostProcessors (for example: not eligible for auto-proxying)
2020-01-03 12:05:28 INFO  [framework.boot.web.embedded.tomcat.TomcatWebServer] : Tomcat initialized with port(s): 9001 (http)
2020-01-03 12:05:28 INFO  [org.apache.juli.logging.DirectJDKLog              ] : Initializing ProtocolHandler ["http-nio-9001"]
2020-01-03 12:05:28 INFO  [org.apache.juli.logging.DirectJDKLog              ] : Starting service [Tomcat]
2020-01-03 12:05:28 INFO  [org.apache.juli.logging.DirectJDKLog              ] : Starting Servlet engine: [Apache Tomcat/9.0.29]
2020-01-03 12:05:28 INFO  [org.apache.juli.logging.DirectJDKLog              ] : Initializing Spring embedded WebApplicationContext
2020-01-03 12:05:28 INFO  [servlet.context.ServletWebServerApplicationContext] : Root WebApplicationContext: initialization completed in 2238 ms
2020-01-03 12:05:28 INFO  [com.hanhuide.driver.config.DynamicDataSourceConfig] : DataSources:{MASTER={
	CreateTime:"2020-01-03 12:05:28",
	ActiveCount:0,
	PoolingCount:0,
	CreateCount:0,
	DestroyCount:0,
	CloseCount:0,
	ConnectCount:0,
	Connections:[
	]
}, CLUSTER={
	CreateTime:"2020-01-03 12:05:28",
	ActiveCount:0,
	PoolingCount:0,
	CreateCount:0,
	DestroyCount:0,
	CloseCount:0,
	ConnectCount:0,
	Connections:[
	]
}}
2020-01-03 12:05:28 INFO  [com.alibaba.druid.pool.DruidDataSource            ] : {dataSource-1} inited
2020-01-03 12:05:30 INFO  [gframework.security.web.DefaultSecurityFilterChain] : Creating filter chain: Ant [pattern='/css/**'], []
2020-01-03 12:05:30 INFO  [gframework.security.web.DefaultSecurityFilterChain] : Creating filter chain: Ant [pattern='/js/**'], []
2020-01-03 12:05:30 INFO  [gframework.security.web.DefaultSecurityFilterChain] : Creating filter chain: Ant [pattern='/fonts/**'], []
2020-01-03 12:05:30 INFO  [gframework.security.web.DefaultSecurityFilterChain] : Creating filter chain: Ant [pattern='/images/**'], []
2020-01-03 12:05:30 INFO  [gframework.security.web.DefaultSecurityFilterChain] : Creating filter chain: Ant [pattern='/vendor/**'], []
2020-01-03 12:05:30 INFO  [gframework.security.web.DefaultSecurityFilterChain] : Creating filter chain: Ant [pattern='/kaptcha/render'], []
2020-01-03 12:05:30 INFO  [gframework.security.web.DefaultSecurityFilterChain] : Creating filter chain: Ant [pattern='/favicon.ico'], []
2020-01-03 12:05:30 INFO  [gframework.security.web.DefaultSecurityFilterChain] : Creating filter chain: any request, [org.springframework.security.web.context.request.async.WebAsyncManagerIntegrationFilter@132e3594, org.springframework.security.web.context.SecurityContextPersistenceFilter@bbb6f0, org.springframework.security.web.header.HeaderWriterFilter@6f91fbda, org.springframework.security.web.authentication.logout.LogoutFilter@5785e813, com.hanhuide.core.filter.JwtAuthenticationTokenFilter@5af5d76f, org.springframework.security.web.authentication.UsernamePasswordAuthenticationFilter@2bec068b, org.springframework.security.web.authentication.www.BasicAuthenticationFilter@2eb0cefe, org.springframework.security.web.savedrequest.RequestCacheAwareFilter@2bd8f7db, org.springframework.security.web.servletapi.SecurityContextHolderAwareRequestFilter@64656b9e, org.springframework.security.web.authentication.rememberme.RememberMeAuthenticationFilter@448462f0, org.springframework.security.web.authentication.AnonymousAuthenticationFilter@4f235107, org.springframework.security.web.session.SessionManagementFilter@4ffced4e, org.springframework.security.web.access.ExceptionTranslationFilter@4b7ed03e, org.springframework.security.web.access.intercept.FilterSecurityInterceptor@723e2d08]
2020-01-03 12:05:30 INFO  [ng.web.PropertySourcedRequestMappingHandlerMapping] : Mapped URL path [/v2/api-docs] onto method [springfox.documentation.swagger2.web.Swagger2Controller#getDocumentation(String, HttpServletRequest)]
2020-01-03 12:05:30 INFO  [scheduling.concurrent.ExecutorConfigurationSupport] : Initializing ExecutorService 'applicationTaskExecutor'
2020-01-03 12:05:31 INFO  [pring.web.plugins.DocumentationPluginsBootstrapper] : Context refreshed
2020-01-03 12:05:31 INFO  [pring.web.plugins.DocumentationPluginsBootstrapper] : Found 1 custom documentation plugin(s)
2020-01-03 12:05:31 INFO  [ion.spring.web.scanners.ApiListingReferenceScanner] : Scanning for api listing references
2020-01-03 12:05:31 INFO  [org.apache.juli.logging.DirectJDKLog              ] : Starting ProtocolHandler ["http-nio-9001"]
2020-01-03 12:05:31 INFO  [framework.boot.web.embedded.tomcat.TomcatWebServer] : Tomcat started on port(s): 9001 (http) with context path ''
2020-01-03 12:05:31 INFO  [org.springframework.boot.StartupInfoLogger        ] : Started CoreApplication in 6.37 seconds (JVM running for 7.914)
2020-01-03 12:06:35 INFO  [org.apache.juli.logging.DirectJDKLog              ] : Initializing Spring DispatcherServlet 'dispatcherServlet'
2020-01-03 12:06:35 INFO  [org.springframework.web.servlet.FrameworkServlet  ] : Initializing Servlet 'dispatcherServlet'
2020-01-03 12:06:35 INFO  [org.springframework.web.servlet.FrameworkServlet  ] : Completed initialization in 9 ms
2020-01-03 12:06:35 INFO  [ndler.CustomFilterInvocationSecurityMetadataSource] : 请求的url:/system
2020-01-03 12:06:35 INFO  [com.p6spy.engine.spy.appender.Slf4JLogger         ] : SQL Timeï¼ 6 ms | infoï¼ statement-0 | sqlï¼ select sys_role.ROLE_ID,sys_role.ROLE_NAME,sys_menu.PATH,sys_menu.MENU_NAME
        from sys_role LEFT JOIN sys_role_menu on sys_role_menu.ROLE_ID =
        sys_role.ROLE_ID LEFT JOIN sys_menu on sys_menu.MENU_ID =
        sys_role_menu.MENU_ID
2020-01-03 12:06:35 INFO  [.hanhuide.core.handler.CustomAccessDecisionManager] : principal:anonymousUser collection:[注册用户, 普通用户, 管理员, 管理员, 管理员, 管理员, 管理员, 管理员, 管理员, 管理员, 管理员, 管理员, 管理员, 管理员, 管理员, 管理员, 管理员, 管理员, 管理员, 管理员, 管理员, 管理员, 管理员, 管理员, 管理员, 管理员, 管理员, 管理员, 普通用户, 管理员, 管理员, 管理员, 管理员, 管理员, 管理员, 管理员, 管理员, 管理员, 管理员, 管理员, 管理员, 管理员, 管理员, 管理员, 管理员, 管理员, 管理员, 管理员, 管理员, 管理员, 管理员, 管理员, 管理员, 管理员, 管理员, 普通用户, 管理员, 管理员, 管理员, 管理员, 管理员, 管理员, 管理员, 管理员, 管理员, 管理员, 管理员, 管理员, 管理员, 管理员, 管理员, 管理员, 管理员, 管理员, 管理员, 管理员, 管理员, 管理员, 管理员, 管理员, 管理员, 管理员, 普通用户, 管理员, 管理员, 管理员, 管理员, 管理员, 管理员, 管理员, 管理员, 管理员, 管理员, 管理员, 管理员, 管理员, 管理员, 管理员, 管理员, 管理员, 管理员, 管理员, 管理员, 管理员, 管理员, 管理员, 管理员, 管理员, 管理员, 普通用户, 管理员, 管理员, 管理员, 管理员, 管理员, 管理员, 管理员, 管理员, 管理员, 管理员, 管理员, 管理员, 管理员, 管理员, 管理员, 管理员, 管理员, 管理员, 管理员, 管理员, 管理员, 管理员, 管理员, 管理员, 管理员, 管理员, 普通用户, 管理员, 管理员, 管理员, 管理员, 管理员, 管理员, 管理员, 管理员, 管理员, 管理员, 管理员, 管理员, 管理员, 管理员, 管理员, 管理员, 管理员, 管理员, 管理员, 管理员, 管理员, 管理员, 管理员, 管理员, 管理员, 管理员, 普通用户, 管理员, 管理员, 管理员, 管理员, 管理员, 管理员, 管理员, 管理员, 管理员, 管理员, 管理员, 管理员, 管理员, 管理员, 管理员, 管理员, 管理员, 管理员, 管理员, 管理员, 管理员, 管理员, 管理员, 管理员, 管理员, 管理员, 普通用户, 管理员, 管理员, 管理员, 管理员, 管理员, 管理员, 管理员, 管理员, 管理员, 管理员, 管理员, 管理员, 管理员, 管理员, 管理员, 管理员, 管理员, 管理员, 管理员, 管理员, 管理员, 管理员, 管理员, 管理员, 管理员, 管理员, 普通用户, 管理员, 管理员, 管理员, 管理员, 管理员, 管理员, 管理员, 管理员, 管理员, 管理员, 管理员, 管理员, 管理员, 管理员, 管理员, 管理员, 管理员, 管理员, 管理员, 管理员, 管理员, 管理员, 管理员, 管理员, 管理员, 管理员, 普通用户, 管理员, 管理员, 管理员, 管理员, 管理员, 管理员, 管理员, 管理员, 管理员, 管理员, 管理员, 管理员, 管理员, 管理员, 管理员, 管理员, 管理员, 管理员, 管理员, 管理员, 管理员, 管理员, 管理员, 管理员, 管理员, 管理员, 普通用户, 管理员, 管理员, 管理员, 管理员, 管理员, 管理员, 管理员, 管理员, 管理员, 管理员, 管理员, 管理员, 管理员, 管理员, 管理员, 管理员, 管理员, 管理员, 管理员, 管理员, 管理员, 管理员, 管理员, 管理员, 管理员, 管理员, 普通用户, 管理员, 管理员, 管理员, 管理员, 管理员, 管理员, 管理员, 管理员, 管理员, 管理员, 管理员, 管理员, 管理员, 管理员, 管理员, 管理员, 管理员, 管理员, 管理员, 管理员, 管理员, 管理员, 管理员, 管理员, 管理员, 管理员, 普通用户, 管理员, 管理员, 管理员, 管理员, 管理员, 管理员, 管理员, 管理员, 管理员, 管理员, 管理员, 管理员, 管理员, 管理员, 管理员, 管理员, 管理员, 管理员, 管理员, 管理员, 管理员, 管理员, 管理员, 管理员, 管理员, 管理员, 普通用户, 管理员, 管理员, 管理员, 管理员, 管理员, 管理员, 管理员, 管理员, 管理员, 管理员, 管理员, 管理员, 管理员, 管理员, 管理员, 管理员, 管理员, 管理员, 管理员, 管理员, 管理员, 管理员, 管理员, 管理员, 管理员, 管理员, 普通用户, 管理员, 管理员, 管理员, 管理员, 管理员, 管理员, 管理员, 管理员, 管理员, 管理员, 管理员, 管理员, 管理员, 管理员, 管理员, 管理员, 管理员, 管理员, 管理员, 管理员, 管理员, 管理员, 管理员, 管理员, 管理员, 管理员, 普通用户, 管理员, 管理员, 管理员, 管理员, 管理员, 管理员, 管理员, 管理员, 管理员, 管理员, 管理员, 管理员, 管理员, 管理员, 管理员, 管理员, 管理员, 管理员, 管理员, 管理员, 管理员, 管理员, 管理员, 管理员, 管理员, 管理员, 普通用户, 管理员, 管理员, 管理员, 管理员, 管理员, 管理员, 管理员, 管理员, 管理员, 管理员, 管理员, 管理员, 管理员, 管理员, 管理员, 管理员, 管理员, 管理员, 管理员, 管理员, 管理员, 管理员, 管理员, 管理员, 管理员, 管理员, 普通用户, 管理员, 管理员, 管理员, 管理员, 管理员, 管理员, 管理员, 管理员, 管理员, 管理员, 管理员, 管理员, 管理员, 管理员, 管理员, 管理员, 管理员, 管理员, 管理员, 管理员, 管理员, 管理员, 管理员, 管理员, 管理员, 管理员, 普通用户, 管理员, 管理员, 管理员, 管理员, 管理员, 管理员, 管理员, 管理员, 管理员, 管理员, 管理员, 管理员, 管理员, 管理员, 管理员, 管理员, 管理员, 管理员, 管理员, 管理员, 管理员, 管理员, 管理员, 管理员, 管理员, 管理员, 普通用户, 管理员, 管理员, 管理员, 管理员, 管理员, 管理员, 管理员, 管理员, 管理员, 管理员, 管理员, 管理员, 管理员, 管理员, 管理员, 管理员, 管理员, 管理员, 管理员, 管理员, 管理员, 管理员, 管理员, 管理员, 管理员, 管理员, 普通用户, 管理员, 管理员, 管理员, 管理员, 管理员, 管理员, 管理员, 管理员, 管理员, 管理员, 管理员, 管理员, 管理员, 管理员, 管理员, 管理员, 管理员, 管理员, 管理员, 管理员, 管理员, 管理员, 管理员, 管理员, 管理员, 管理员, 普通用户, 管理员, 管理员, 管理员, 管理员, 管理员, 管理员, 管理员, 管理员, 管理员, 管理员, 管理员, 管理员, 管理员, 管理员, 管理员, 管理员, 管理员, 管理员, 管理员, 管理员, 管理员, 管理员, 管理员, 管理员, 管理员, 管理员, 普通用户, 管理员, 管理员, 管理员, 管理员, 管理员, 管理员, 管理员, 管理员, 管理员, 管理员, 管理员, 管理员, 管理员, 管理员, 管理员, 管理员, 管理员, 管理员, 管理员, 管理员, 管理员, 管理员, 管理员, 管理员, 管理员, 管理员, 普通用户, 管理员, 管理员, 管理员, 管理员, 管理员, 管理员, 管理员, 管理员, 管理员, 管理员, 管理员, 管理员, 管理员, 管理员, 管理员, 管理员, 管理员, 管理员, 管理员, 管理员, 管理员, 管理员, 管理员, 管理员, 管理员, 管理员, 普通用户, 管理员, 管理员, 管理员, 管理员, 管理员, 管理员, 管理员, 管理员, 管理员, 管理员, 管理员, 管理员, 管理员, 管理员, 管理员, 管理员, 管理员, 管理员, 管理员, 管理员, 管理员, 管理员, 管理员, 管理员, 管理员, 管理员, 普通用户, 管理员, 管理员, 管理员, 管理员, 管理员, 管理员, 管理员, 管理员, 管理员, 管理员, 管理员, 管理员, 管理员, 管理员, 管理员, 管理员, 管理员, 管理员, 管理员, 管理员, 管理员, 管理员, 管理员, 管理员, 管理员, 管理员]
2020-01-03 12:06:35 INFO  [ndler.CustomFilterInvocationSecurityMetadataSource] : 请求的url:/login
2020-01-03 12:06:35 INFO  [com.p6spy.engine.spy.appender.Slf4JLogger         ] : SQL Timeï¼ 2 ms | infoï¼ statement-0 | sqlï¼ select sys_role.ROLE_ID,sys_role.ROLE_NAME,sys_menu.PATH,sys_menu.MENU_NAME
        from sys_role LEFT JOIN sys_role_menu on sys_role_menu.ROLE_ID =
        sys_role.ROLE_ID LEFT JOIN sys_menu on sys_menu.MENU_ID =
        sys_role_menu.MENU_ID
2020-01-03 12:06:35 INFO  [.hanhuide.core.handler.CustomAccessDecisionManager] : principal:anonymousUser collection:[ROLE_ANONYMOUS]
2020-01-03 12:06:36 INFO  [ndler.CustomFilterInvocationSecurityMetadataSource] : 请求的url:/error
2020-01-03 12:06:36 INFO  [com.p6spy.engine.spy.appender.Slf4JLogger         ] : SQL Timeï¼ 4 ms | infoï¼ statement-0 | sqlï¼ select sys_role.ROLE_ID,sys_role.ROLE_NAME,sys_menu.PATH,sys_menu.MENU_NAME
        from sys_role LEFT JOIN sys_role_menu on sys_role_menu.ROLE_ID =
        sys_role.ROLE_ID LEFT JOIN sys_menu on sys_menu.MENU_ID =
        sys_role_menu.MENU_ID
2020-01-03 12:06:36 INFO  [.hanhuide.core.handler.CustomAccessDecisionManager] : principal:anonymousUser collection:[ROLE_ANONYMOUS]
2020-01-03 12:06:36 INFO  [io.lettuce.core.EpollProvider                     ] : Starting without optional epoll library
2020-01-03 12:06:36 INFO  [io.lettuce.core.KqueueProvider                    ] : Starting without optional kqueue library
2020-01-03 12:06:51 INFO  [hanhuide.core.handler.CustomAuthenticationProvider] : /login
2020-01-03 12:06:51 INFO  [com.hanhuide.core.utils.CookieUtils               ] : /login
2020-01-03 12:06:51 INFO  [hanhuide.core.handler.CustomAuthenticationProvider] : 73744====================
2020-01-03 12:06:51 INFO  [hanhuide.core.handler.CustomAuthenticationProvider] : 验证码：73744用户输入：73744
2020-01-03 12:06:51 INFO  [anhuide.core.service.impl.CustomUserDetailsService] : >>>>>>>>> username:root
2020-01-03 12:06:51 INFO  [com.p6spy.engine.spy.appender.Slf4JLogger         ] : SQL Timeï¼ 2 ms | infoï¼ statement-0 | sqlï¼ select `sys_user`.USER_ID,`sys_user`.USERNAME,`sys_user`.`PASSWORD` ,sys_role.ROLE_NAME from sys_user
        LEFT JOIN sys_user_role on sys_user_role.USER_ID = `sys_user`.USER_ID
        LEFT JOIN sys_role on sys_role.ROLE_ID = sys_user_role.ROLE_ID where sys_user.USERNAME = 'root'
2020-01-03 12:06:51 INFO  [com.hanhuide.core.service.impl.UserServiceImpl    ] : 用户信息:SysUser(userId=1, username=root, password=$2a$10$UVCRif9kQ1T.upvEpdNTFuEQ7Q6qo2bCZEHzh4e6a9TTXpIEcKMAu, deptId=null, email=null, mobile=null, status=null, createTime=null, modifyTime=null, lastLoginTime=null, ssex=null, description=null, avatar=null, childRole=[SysRole(roleId=null, roleName=管理员, remark=null, createTime=null, modifyTime=null, childMenus=null)])
2020-01-03 12:06:51 INFO  [anhuide.core.service.impl.CustomUserDetailsService] : authorities:[管理员]
2020-01-03 12:06:51 INFO  [hanhuide.core.handler.CustomAuthenticationProvider] : userDetailsSysUser(userId=null, username=root, password=$2a$10$UVCRif9kQ1T.upvEpdNTFuEQ7Q6qo2bCZEHzh4e6a9TTXpIEcKMAu, deptId=null, email=null, mobile=null, status=null, createTime=null, modifyTime=null, lastLoginTime=null, ssex=null, description=null, avatar=null, childRole=null)
2020-01-03 12:06:51 INFO  [hanhuide.core.handler.CustomAuthenticationProvider] : 123456
2020-01-03 12:06:51 INFO  [hanhuide.core.handler.CustomAuthenticationProvider] : $2a$10$QRH2AF0YVfsZodHNABFbU.1aFAyFYrPebHI0b3tSIHnCEbQomN272
2020-01-03 12:06:51 INFO  [de.core.handler.CustomAuthenticationSuccessHandler] : 用户登录信息CustomAuthDetails{verifyCode='73744', username='root', password='123456'}
2020-01-03 12:06:52 INFO  [de.core.handler.CustomAuthenticationSuccessHandler] : 保存到redis 中
2020-01-03 12:07:47 INFO  [anhuide.core.service.impl.CustomUserDetailsService] : >>>>>>>>> username:root
2020-01-03 12:07:47 INFO  [com.p6spy.engine.spy.appender.Slf4JLogger         ] : SQL Timeï¼ 1 ms | infoï¼ statement-0 | sqlï¼ select `sys_user`.USER_ID,`sys_user`.USERNAME,`sys_user`.`PASSWORD` ,sys_role.ROLE_NAME from sys_user
        LEFT JOIN sys_user_role on sys_user_role.USER_ID = `sys_user`.USER_ID
        LEFT JOIN sys_role on sys_role.ROLE_ID = sys_user_role.ROLE_ID where sys_user.USERNAME = 'root'
2020-01-03 12:07:47 INFO  [com.hanhuide.core.service.impl.UserServiceImpl    ] : 用户信息:SysUser(userId=1, username=root, password=$2a$10$UVCRif9kQ1T.upvEpdNTFuEQ7Q6qo2bCZEHzh4e6a9TTXpIEcKMAu, deptId=null, email=null, mobile=null, status=null, createTime=null, modifyTime=null, lastLoginTime=null, ssex=null, description=null, avatar=null, childRole=[SysRole(roleId=null, roleName=管理员, remark=null, createTime=null, modifyTime=null, childMenus=null)])
2020-01-03 12:07:47 INFO  [anhuide.core.service.impl.CustomUserDetailsService] : authorities:[管理员]
2020-01-03 12:07:47 INFO  [ndler.CustomFilterInvocationSecurityMetadataSource] : 请求的url:/system
2020-01-03 12:07:47 INFO  [com.p6spy.engine.spy.appender.Slf4JLogger         ] : SQL Timeï¼ 2 ms | infoï¼ statement-0 | sqlï¼ select sys_role.ROLE_ID,sys_role.ROLE_NAME,sys_menu.PATH,sys_menu.MENU_NAME
        from sys_role LEFT JOIN sys_role_menu on sys_role_menu.ROLE_ID =
        sys_role.ROLE_ID LEFT JOIN sys_menu on sys_menu.MENU_ID =
        sys_role_menu.MENU_ID
2020-01-03 12:07:47 INFO  [.hanhuide.core.handler.CustomAccessDecisionManager] : principal:SysUser(userId=null, username=root, password=$2a$10$UVCRif9kQ1T.upvEpdNTFuEQ7Q6qo2bCZEHzh4e6a9TTXpIEcKMAu, deptId=null, email=null, mobile=null, status=null, createTime=null, modifyTime=null, lastLoginTime=null, ssex=null, description=null, avatar=null, childRole=null) collection:[注册用户, 普通用户, 管理员, 管理员, 管理员, 管理员, 管理员, 管理员, 管理员, 管理员, 管理员, 管理员, 管理员, 管理员, 管理员, 管理员, 管理员, 管理员, 管理员, 管理员, 管理员, 管理员, 管理员, 管理员, 管理员, 管理员, 管理员, 管理员, 普通用户, 管理员, 管理员, 管理员, 管理员, 管理员, 管理员, 管理员, 管理员, 管理员, 管理员, 管理员, 管理员, 管理员, 管理员, 管理员, 管理员, 管理员, 管理员, 管理员, 管理员, 管理员, 管理员, 管理员, 管理员, 管理员, 管理员, 普通用户, 管理员, 管理员, 管理员, 管理员, 管理员, 管理员, 管理员, 管理员, 管理员, 管理员, 管理员, 管理员, 管理员, 管理员, 管理员, 管理员, 管理员, 管理员, 管理员, 管理员, 管理员, 管理员, 管理员, 管理员, 管理员, 管理员, 普通用户, 管理员, 管理员, 管理员, 管理员, 管理员, 管理员, 管理员, 管理员, 管理员, 管理员, 管理员, 管理员, 管理员, 管理员, 管理员, 管理员, 管理员, 管理员, 管理员, 管理员, 管理员, 管理员, 管理员, 管理员, 管理员, 管理员, 普通用户, 管理员, 管理员, 管理员, 管理员, 管理员, 管理员, 管理员, 管理员, 管理员, 管理员, 管理员, 管理员, 管理员, 管理员, 管理员, 管理员, 管理员, 管理员, 管理员, 管理员, 管理员, 管理员, 管理员, 管理员, 管理员, 管理员, 普通用户, 管理员, 管理员, 管理员, 管理员, 管理员, 管理员, 管理员, 管理员, 管理员, 管理员, 管理员, 管理员, 管理员, 管理员, 管理员, 管理员, 管理员, 管理员, 管理员, 管理员, 管理员, 管理员, 管理员, 管理员, 管理员, 管理员, 普通用户, 管理员, 管理员, 管理员, 管理员, 管理员, 管理员, 管理员, 管理员, 管理员, 管理员, 管理员, 管理员, 管理员, 管理员, 管理员, 管理员, 管理员, 管理员, 管理员, 管理员, 管理员, 管理员, 管理员, 管理员, 管理员, 管理员, 普通用户, 管理员, 管理员, 管理员, 管理员, 管理员, 管理员, 管理员, 管理员, 管理员, 管理员, 管理员, 管理员, 管理员, 管理员, 管理员, 管理员, 管理员, 管理员, 管理员, 管理员, 管理员, 管理员, 管理员, 管理员, 管理员, 管理员, 普通用户, 管理员, 管理员, 管理员, 管理员, 管理员, 管理员, 管理员, 管理员, 管理员, 管理员, 管理员, 管理员, 管理员, 管理员, 管理员, 管理员, 管理员, 管理员, 管理员, 管理员, 管理员, 管理员, 管理员, 管理员, 管理员, 管理员, 普通用户, 管理员, 管理员, 管理员, 管理员, 管理员, 管理员, 管理员, 管理员, 管理员, 管理员, 管理员, 管理员, 管理员, 管理员, 管理员, 管理员, 管理员, 管理员, 管理员, 管理员, 管理员, 管理员, 管理员, 管理员, 管理员, 管理员, 普通用户, 管理员, 管理员, 管理员, 管理员, 管理员, 管理员, 管理员, 管理员, 管理员, 管理员, 管理员, 管理员, 管理员, 管理员, 管理员, 管理员, 管理员, 管理员, 管理员, 管理员, 管理员, 管理员, 管理员, 管理员, 管理员, 管理员, 普通用户, 管理员, 管理员, 管理员, 管理员, 管理员, 管理员, 管理员, 管理员, 管理员, 管理员, 管理员, 管理员, 管理员, 管理员, 管理员, 管理员, 管理员, 管理员, 管理员, 管理员, 管理员, 管理员, 管理员, 管理员, 管理员, 管理员, 普通用户, 管理员, 管理员, 管理员, 管理员, 管理员, 管理员, 管理员, 管理员, 管理员, 管理员, 管理员, 管理员, 管理员, 管理员, 管理员, 管理员, 管理员, 管理员, 管理员, 管理员, 管理员, 管理员, 管理员, 管理员, 管理员, 管理员, 普通用户, 管理员, 管理员, 管理员, 管理员, 管理员, 管理员, 管理员, 管理员, 管理员, 管理员, 管理员, 管理员, 管理员, 管理员, 管理员, 管理员, 管理员, 管理员, 管理员, 管理员, 管理员, 管理员, 管理员, 管理员, 管理员, 管理员, 普通用户, 管理员, 管理员, 管理员, 管理员, 管理员, 管理员, 管理员, 管理员, 管理员, 管理员, 管理员, 管理员, 管理员, 管理员, 管理员, 管理员, 管理员, 管理员, 管理员, 管理员, 管理员, 管理员, 管理员, 管理员, 管理员, 管理员, 普通用户, 管理员, 管理员, 管理员, 管理员, 管理员, 管理员, 管理员, 管理员, 管理员, 管理员, 管理员, 管理员, 管理员, 管理员, 管理员, 管理员, 管理员, 管理员, 管理员, 管理员, 管理员, 管理员, 管理员, 管理员, 管理员, 管理员, 普通用户, 管理员, 管理员, 管理员, 管理员, 管理员, 管理员, 管理员, 管理员, 管理员, 管理员, 管理员, 管理员, 管理员, 管理员, 管理员, 管理员, 管理员, 管理员, 管理员, 管理员, 管理员, 管理员, 管理员, 管理员, 管理员, 管理员, 普通用户, 管理员, 管理员, 管理员, 管理员, 管理员, 管理员, 管理员, 管理员, 管理员, 管理员, 管理员, 管理员, 管理员, 管理员, 管理员, 管理员, 管理员, 管理员, 管理员, 管理员, 管理员, 管理员, 管理员, 管理员, 管理员, 管理员, 普通用户, 管理员, 管理员, 管理员, 管理员, 管理员, 管理员, 管理员, 管理员, 管理员, 管理员, 管理员, 管理员, 管理员, 管理员, 管理员, 管理员, 管理员, 管理员, 管理员, 管理员, 管理员, 管理员, 管理员, 管理员, 管理员, 管理员, 普通用户, 管理员, 管理员, 管理员, 管理员, 管理员, 管理员, 管理员, 管理员, 管理员, 管理员, 管理员, 管理员, 管理员, 管理员, 管理员, 管理员, 管理员, 管理员, 管理员, 管理员, 管理员, 管理员, 管理员, 管理员, 管理员, 管理员, 普通用户, 管理员, 管理员, 管理员, 管理员, 管理员, 管理员, 管理员, 管理员, 管理员, 管理员, 管理员, 管理员, 管理员, 管理员, 管理员, 管理员, 管理员, 管理员, 管理员, 管理员, 管理员, 管理员, 管理员, 管理员, 管理员, 管理员, 普通用户, 管理员, 管理员, 管理员, 管理员, 管理员, 管理员, 管理员, 管理员, 管理员, 管理员, 管理员, 管理员, 管理员, 管理员, 管理员, 管理员, 管理员, 管理员, 管理员, 管理员, 管理员, 管理员, 管理员, 管理员, 管理员, 管理员, 普通用户, 管理员, 管理员, 管理员, 管理员, 管理员, 管理员, 管理员, 管理员, 管理员, 管理员, 管理员, 管理员, 管理员, 管理员, 管理员, 管理员, 管理员, 管理员, 管理员, 管理员, 管理员, 管理员, 管理员, 管理员, 管理员, 管理员, 普通用户, 管理员, 管理员, 管理员, 管理员, 管理员, 管理员, 管理员, 管理员, 管理员, 管理员, 管理员, 管理员, 管理员, 管理员, 管理员, 管理员, 管理员, 管理员, 管理员, 管理员, 管理员, 管理员, 管理员, 管理员, 管理员, 管理员, 普通用户, 管理员, 管理员, 管理员, 管理员, 管理员, 管理员, 管理员, 管理员, 管理员, 管理员, 管理员, 管理员, 管理员, 管理员, 管理员, 管理员, 管理员, 管理员, 管理员, 管理员, 管理员, 管理员, 管理员, 管理员, 管理员, 管理员, 普通用户, 管理员, 管理员, 管理员, 管理员, 管理员, 管理员, 管理员, 管理员, 管理员, 管理员, 管理员, 管理员, 管理员, 管理员, 管理员, 管理员, 管理员, 管理员, 管理员, 管理员, 管理员, 管理员, 管理员, 管理员, 管理员, 管理员]
2020-01-03 12:07:47 INFO  [com.p6spy.engine.spy.appender.Slf4JLogger         ] : SQL Timeï¼ 1 ms | infoï¼ statement-0 | sqlï¼ select * from sys_user
2020-01-03 12:08:00 INFO  [ndler.CustomFilterInvocationSecurityMetadataSource] : 请求的url:/
2020-01-03 12:08:00 INFO  [com.p6spy.engine.spy.appender.Slf4JLogger         ] : SQL Timeï¼ 6 ms | infoï¼ statement-0 | sqlï¼ select sys_role.ROLE_ID,sys_role.ROLE_NAME,sys_menu.PATH,sys_menu.MENU_NAME
        from sys_role LEFT JOIN sys_role_menu on sys_role_menu.ROLE_ID =
        sys_role.ROLE_ID LEFT JOIN sys_menu on sys_menu.MENU_ID =
        sys_role_menu.MENU_ID
2020-01-03 12:08:00 INFO  [.hanhuide.core.handler.CustomAccessDecisionManager] : principal:anonymousUser collection:[ROLE_ANONYMOUS]
2020-01-03 12:08:00 INFO  [com.hanhuide.core.controller.LoginController      ] : 当前登陆用户：anonymousUser
2020-01-03 12:08:01 INFO  [ndler.CustomFilterInvocationSecurityMetadataSource] : 请求的url:/error
2020-01-03 12:08:01 INFO  [com.p6spy.engine.spy.appender.Slf4JLogger         ] : SQL Timeï¼ 3 ms | infoï¼ statement-0 | sqlï¼ select sys_role.ROLE_ID,sys_role.ROLE_NAME,sys_menu.PATH,sys_menu.MENU_NAME
        from sys_role LEFT JOIN sys_role_menu on sys_role_menu.ROLE_ID =
        sys_role.ROLE_ID LEFT JOIN sys_menu on sys_menu.MENU_ID =
        sys_role_menu.MENU_ID
2020-01-03 12:08:01 INFO  [.hanhuide.core.handler.CustomAccessDecisionManager] : principal:anonymousUser collection:[ROLE_ANONYMOUS]
2020-01-03 12:08:09 INFO  [ndler.CustomFilterInvocationSecurityMetadataSource] : 请求的url:/system
2020-01-03 12:08:09 INFO  [com.p6spy.engine.spy.appender.Slf4JLogger         ] : SQL Timeï¼ 3 ms | infoï¼ statement-0 | sqlï¼ select sys_role.ROLE_ID,sys_role.ROLE_NAME,sys_menu.PATH,sys_menu.MENU_NAME
        from sys_role LEFT JOIN sys_role_menu on sys_role_menu.ROLE_ID =
        sys_role.ROLE_ID LEFT JOIN sys_menu on sys_menu.MENU_ID =
        sys_role_menu.MENU_ID
2020-01-03 12:08:09 INFO  [.hanhuide.core.handler.CustomAccessDecisionManager] : principal:anonymousUser collection:[注册用户, 普通用户, 管理员, 管理员, 管理员, 管理员, 管理员, 管理员, 管理员, 管理员, 管理员, 管理员, 管理员, 管理员, 管理员, 管理员, 管理员, 管理员, 管理员, 管理员, 管理员, 管理员, 管理员, 管理员, 管理员, 管理员, 管理员, 管理员, 普通用户, 管理员, 管理员, 管理员, 管理员, 管理员, 管理员, 管理员, 管理员, 管理员, 管理员, 管理员, 管理员, 管理员, 管理员, 管理员, 管理员, 管理员, 管理员, 管理员, 管理员, 管理员, 管理员, 管理员, 管理员, 管理员, 管理员, 普通用户, 管理员, 管理员, 管理员, 管理员, 管理员, 管理员, 管理员, 管理员, 管理员, 管理员, 管理员, 管理员, 管理员, 管理员, 管理员, 管理员, 管理员, 管理员, 管理员, 管理员, 管理员, 管理员, 管理员, 管理员, 管理员, 管理员, 普通用户, 管理员, 管理员, 管理员, 管理员, 管理员, 管理员, 管理员, 管理员, 管理员, 管理员, 管理员, 管理员, 管理员, 管理员, 管理员, 管理员, 管理员, 管理员, 管理员, 管理员, 管理员, 管理员, 管理员, 管理员, 管理员, 管理员, 普通用户, 管理员, 管理员, 管理员, 管理员, 管理员, 管理员, 管理员, 管理员, 管理员, 管理员, 管理员, 管理员, 管理员, 管理员, 管理员, 管理员, 管理员, 管理员, 管理员, 管理员, 管理员, 管理员, 管理员, 管理员, 管理员, 管理员, 普通用户, 管理员, 管理员, 管理员, 管理员, 管理员, 管理员, 管理员, 管理员, 管理员, 管理员, 管理员, 管理员, 管理员, 管理员, 管理员, 管理员, 管理员, 管理员, 管理员, 管理员, 管理员, 管理员, 管理员, 管理员, 管理员, 管理员, 普通用户, 管理员, 管理员, 管理员, 管理员, 管理员, 管理员, 管理员, 管理员, 管理员, 管理员, 管理员, 管理员, 管理员, 管理员, 管理员, 管理员, 管理员, 管理员, 管理员, 管理员, 管理员, 管理员, 管理员, 管理员, 管理员, 管理员, 普通用户, 管理员, 管理员, 管理员, 管理员, 管理员, 管理员, 管理员, 管理员, 管理员, 管理员, 管理员, 管理员, 管理员, 管理员, 管理员, 管理员, 管理员, 管理员, 管理员, 管理员, 管理员, 管理员, 管理员, 管理员, 管理员, 管理员, 普通用户, 管理员, 管理员, 管理员, 管理员, 管理员, 管理员, 管理员, 管理员, 管理员, 管理员, 管理员, 管理员, 管理员, 管理员, 管理员, 管理员, 管理员, 管理员, 管理员, 管理员, 管理员, 管理员, 管理员, 管理员, 管理员, 管理员, 普通用户, 管理员, 管理员, 管理员, 管理员, 管理员, 管理员, 管理员, 管理员, 管理员, 管理员, 管理员, 管理员, 管理员, 管理员, 管理员, 管理员, 管理员, 管理员, 管理员, 管理员, 管理员, 管理员, 管理员, 管理员, 管理员, 管理员, 普通用户, 管理员, 管理员, 管理员, 管理员, 管理员, 管理员, 管理员, 管理员, 管理员, 管理员, 管理员, 管理员, 管理员, 管理员, 管理员, 管理员, 管理员, 管理员, 管理员, 管理员, 管理员, 管理员, 管理员, 管理员, 管理员, 管理员, 普通用户, 管理员, 管理员, 管理员, 管理员, 管理员, 管理员, 管理员, 管理员, 管理员, 管理员, 管理员, 管理员, 管理员, 管理员, 管理员, 管理员, 管理员, 管理员, 管理员, 管理员, 管理员, 管理员, 管理员, 管理员, 管理员, 管理员, 普通用户, 管理员, 管理员, 管理员, 管理员, 管理员, 管理员, 管理员, 管理员, 管理员, 管理员, 管理员, 管理员, 管理员, 管理员, 管理员, 管理员, 管理员, 管理员, 管理员, 管理员, 管理员, 管理员, 管理员, 管理员, 管理员, 管理员, 普通用户, 管理员, 管理员, 管理员, 管理员, 管理员, 管理员, 管理员, 管理员, 管理员, 管理员, 管理员, 管理员, 管理员, 管理员, 管理员, 管理员, 管理员, 管理员, 管理员, 管理员, 管理员, 管理员, 管理员, 管理员, 管理员, 管理员, 普通用户, 管理员, 管理员, 管理员, 管理员, 管理员, 管理员, 管理员, 管理员, 管理员, 管理员, 管理员, 管理员, 管理员, 管理员, 管理员, 管理员, 管理员, 管理员, 管理员, 管理员, 管理员, 管理员, 管理员, 管理员, 管理员, 管理员, 普通用户, 管理员, 管理员, 管理员, 管理员, 管理员, 管理员, 管理员, 管理员, 管理员, 管理员, 管理员, 管理员, 管理员, 管理员, 管理员, 管理员, 管理员, 管理员, 管理员, 管理员, 管理员, 管理员, 管理员, 管理员, 管理员, 管理员, 普通用户, 管理员, 管理员, 管理员, 管理员, 管理员, 管理员, 管理员, 管理员, 管理员, 管理员, 管理员, 管理员, 管理员, 管理员, 管理员, 管理员, 管理员, 管理员, 管理员, 管理员, 管理员, 管理员, 管理员, 管理员, 管理员, 管理员, 普通用户, 管理员, 管理员, 管理员, 管理员, 管理员, 管理员, 管理员, 管理员, 管理员, 管理员, 管理员, 管理员, 管理员, 管理员, 管理员, 管理员, 管理员, 管理员, 管理员, 管理员, 管理员, 管理员, 管理员, 管理员, 管理员, 管理员, 普通用户, 管理员, 管理员, 管理员, 管理员, 管理员, 管理员, 管理员, 管理员, 管理员, 管理员, 管理员, 管理员, 管理员, 管理员, 管理员, 管理员, 管理员, 管理员, 管理员, 管理员, 管理员, 管理员, 管理员, 管理员, 管理员, 管理员, 普通用户, 管理员, 管理员, 管理员, 管理员, 管理员, 管理员, 管理员, 管理员, 管理员, 管理员, 管理员, 管理员, 管理员, 管理员, 管理员, 管理员, 管理员, 管理员, 管理员, 管理员, 管理员, 管理员, 管理员, 管理员, 管理员, 管理员, 普通用户, 管理员, 管理员, 管理员, 管理员, 管理员, 管理员, 管理员, 管理员, 管理员, 管理员, 管理员, 管理员, 管理员, 管理员, 管理员, 管理员, 管理员, 管理员, 管理员, 管理员, 管理员, 管理员, 管理员, 管理员, 管理员, 管理员, 普通用户, 管理员, 管理员, 管理员, 管理员, 管理员, 管理员, 管理员, 管理员, 管理员, 管理员, 管理员, 管理员, 管理员, 管理员, 管理员, 管理员, 管理员, 管理员, 管理员, 管理员, 管理员, 管理员, 管理员, 管理员, 管理员, 管理员, 普通用户, 管理员, 管理员, 管理员, 管理员, 管理员, 管理员, 管理员, 管理员, 管理员, 管理员, 管理员, 管理员, 管理员, 管理员, 管理员, 管理员, 管理员, 管理员, 管理员, 管理员, 管理员, 管理员, 管理员, 管理员, 管理员, 管理员, 普通用户, 管理员, 管理员, 管理员, 管理员, 管理员, 管理员, 管理员, 管理员, 管理员, 管理员, 管理员, 管理员, 管理员, 管理员, 管理员, 管理员, 管理员, 管理员, 管理员, 管理员, 管理员, 管理员, 管理员, 管理员, 管理员, 管理员, 普通用户, 管理员, 管理员, 管理员, 管理员, 管理员, 管理员, 管理员, 管理员, 管理员, 管理员, 管理员, 管理员, 管理员, 管理员, 管理员, 管理员, 管理员, 管理员, 管理员, 管理员, 管理员, 管理员, 管理员, 管理员, 管理员, 管理员, 普通用户, 管理员, 管理员, 管理员, 管理员, 管理员, 管理员, 管理员, 管理员, 管理员, 管理员, 管理员, 管理员, 管理员, 管理员, 管理员, 管理员, 管理员, 管理员, 管理员, 管理员, 管理员, 管理员, 管理员, 管理员, 管理员, 管理员]
2020-01-03 12:08:09 INFO  [ndler.CustomFilterInvocationSecurityMetadataSource] : 请求的url:/login
2020-01-03 12:08:09 INFO  [com.p6spy.engine.spy.appender.Slf4JLogger         ] : SQL Timeï¼ 1 ms | infoï¼ statement-0 | sqlï¼ select sys_role.ROLE_ID,sys_role.ROLE_NAME,sys_menu.PATH,sys_menu.MENU_NAME
        from sys_role LEFT JOIN sys_role_menu on sys_role_menu.ROLE_ID =
        sys_role.ROLE_ID LEFT JOIN sys_menu on sys_menu.MENU_ID =
        sys_role_menu.MENU_ID
2020-01-03 12:08:09 INFO  [.hanhuide.core.handler.CustomAccessDecisionManager] : principal:anonymousUser collection:[ROLE_ANONYMOUS]
2020-01-03 12:08:22 INFO  [hanhuide.core.handler.CustomAuthenticationProvider] : /login
2020-01-03 12:08:22 INFO  [com.hanhuide.core.utils.CookieUtils               ] : /login
2020-01-03 12:08:22 INFO  [hanhuide.core.handler.CustomAuthenticationProvider] : 99374====================
2020-01-03 12:08:22 INFO  [hanhuide.core.handler.CustomAuthenticationProvider] : 验证码：99374用户输入：99374
2020-01-03 12:08:22 INFO  [anhuide.core.service.impl.CustomUserDetailsService] : >>>>>>>>> username:root
2020-01-03 12:08:22 INFO  [com.p6spy.engine.spy.appender.Slf4JLogger         ] : SQL Timeï¼ 2 ms | infoï¼ statement-0 | sqlï¼ select `sys_user`.USER_ID,`sys_user`.USERNAME,`sys_user`.`PASSWORD` ,sys_role.ROLE_NAME from sys_user
        LEFT JOIN sys_user_role on sys_user_role.USER_ID = `sys_user`.USER_ID
        LEFT JOIN sys_role on sys_role.ROLE_ID = sys_user_role.ROLE_ID where sys_user.USERNAME = 'root'
2020-01-03 12:08:22 INFO  [com.hanhuide.core.service.impl.UserServiceImpl    ] : 用户信息:SysUser(userId=1, username=root, password=$2a$10$UVCRif9kQ1T.upvEpdNTFuEQ7Q6qo2bCZEHzh4e6a9TTXpIEcKMAu, deptId=null, email=null, mobile=null, status=null, createTime=null, modifyTime=null, lastLoginTime=null, ssex=null, description=null, avatar=null, childRole=[SysRole(roleId=null, roleName=管理员, remark=null, createTime=null, modifyTime=null, childMenus=null)])
2020-01-03 12:08:22 INFO  [anhuide.core.service.impl.CustomUserDetailsService] : authorities:[管理员]
2020-01-03 12:08:22 INFO  [hanhuide.core.handler.CustomAuthenticationProvider] : userDetailsSysUser(userId=null, username=root, password=$2a$10$UVCRif9kQ1T.upvEpdNTFuEQ7Q6qo2bCZEHzh4e6a9TTXpIEcKMAu, deptId=null, email=null, mobile=null, status=null, createTime=null, modifyTime=null, lastLoginTime=null, ssex=null, description=null, avatar=null, childRole=null)
2020-01-03 12:08:22 INFO  [hanhuide.core.handler.CustomAuthenticationProvider] : 123456
2020-01-03 12:08:22 INFO  [hanhuide.core.handler.CustomAuthenticationProvider] : $2a$10$i2wgxWgMr3xf.0kcxVYu3udgnWE.r6CznmkHWX9htPDJ92o8xelJy
2020-01-03 12:08:22 INFO  [de.core.handler.CustomAuthenticationSuccessHandler] : 用户登录信息CustomAuthDetails{verifyCode='99374', username='root', password='123456'}
2020-01-03 12:08:22 INFO  [de.core.handler.CustomAuthenticationSuccessHandler] : 保存到redis 中
2020-01-03 12:08:40 INFO  [ndler.CustomFilterInvocationSecurityMetadataSource] : 请求的url:/error
2020-01-03 12:08:40 INFO  [com.p6spy.engine.spy.appender.Slf4JLogger         ] : SQL Timeï¼ 1 ms | infoï¼ statement-0 | sqlï¼ select sys_role.ROLE_ID,sys_role.ROLE_NAME,sys_menu.PATH,sys_menu.MENU_NAME
        from sys_role LEFT JOIN sys_role_menu on sys_role_menu.ROLE_ID =
        sys_role.ROLE_ID LEFT JOIN sys_menu on sys_menu.MENU_ID =
        sys_role_menu.MENU_ID
2020-01-03 12:08:40 INFO  [.hanhuide.core.handler.CustomAccessDecisionManager] : principal:anonymousUser collection:[ROLE_ANONYMOUS]
2020-01-03 12:08:45 INFO  [.hanhuide.core.filter.JwtAuthenticationTokenFilter] : 用户：root的ip地址变动，进入黑名单校验
2020-01-03 12:08:45 INFO  [anhuide.core.service.impl.CustomUserDetailsService] : >>>>>>>>> username:root
2020-01-03 12:08:45 INFO  [com.p6spy.engine.spy.appender.Slf4JLogger         ] : SQL Timeï¼ 9 ms | infoï¼ statement-0 | sqlï¼ select `sys_user`.USER_ID,`sys_user`.USERNAME,`sys_user`.`PASSWORD` ,sys_role.ROLE_NAME from sys_user
        LEFT JOIN sys_user_role on sys_user_role.USER_ID = `sys_user`.USER_ID
        LEFT JOIN sys_role on sys_role.ROLE_ID = sys_user_role.ROLE_ID where sys_user.USERNAME = 'root'
2020-01-03 12:08:45 INFO  [com.hanhuide.core.service.impl.UserServiceImpl    ] : 用户信息:SysUser(userId=1, username=root, password=$2a$10$UVCRif9kQ1T.upvEpdNTFuEQ7Q6qo2bCZEHzh4e6a9TTXpIEcKMAu, deptId=null, email=null, mobile=null, status=null, createTime=null, modifyTime=null, lastLoginTime=null, ssex=null, description=null, avatar=null, childRole=[SysRole(roleId=null, roleName=管理员, remark=null, createTime=null, modifyTime=null, childMenus=null)])
2020-01-03 12:08:45 INFO  [anhuide.core.service.impl.CustomUserDetailsService] : authorities:[管理员]
2020-01-03 12:08:45 INFO  [ndler.CustomFilterInvocationSecurityMetadataSource] : 请求的url:/system
2020-01-03 12:08:45 INFO  [com.p6spy.engine.spy.appender.Slf4JLogger         ] : SQL Timeï¼ 2 ms | infoï¼ statement-0 | sqlï¼ select sys_role.ROLE_ID,sys_role.ROLE_NAME,sys_menu.PATH,sys_menu.MENU_NAME
        from sys_role LEFT JOIN sys_role_menu on sys_role_menu.ROLE_ID =
        sys_role.ROLE_ID LEFT JOIN sys_menu on sys_menu.MENU_ID =
        sys_role_menu.MENU_ID
2020-01-03 12:08:45 INFO  [.hanhuide.core.handler.CustomAccessDecisionManager] : principal:SysUser(userId=null, username=root, password=$2a$10$UVCRif9kQ1T.upvEpdNTFuEQ7Q6qo2bCZEHzh4e6a9TTXpIEcKMAu, deptId=null, email=null, mobile=null, status=null, createTime=null, modifyTime=null, lastLoginTime=null, ssex=null, description=null, avatar=null, childRole=null) collection:[注册用户, 普通用户, 管理员, 管理员, 管理员, 管理员, 管理员, 管理员, 管理员, 管理员, 管理员, 管理员, 管理员, 管理员, 管理员, 管理员, 管理员, 管理员, 管理员, 管理员, 管理员, 管理员, 管理员, 管理员, 管理员, 管理员, 管理员, 管理员, 普通用户, 管理员, 管理员, 管理员, 管理员, 管理员, 管理员, 管理员, 管理员, 管理员, 管理员, 管理员, 管理员, 管理员, 管理员, 管理员, 管理员, 管理员, 管理员, 管理员, 管理员, 管理员, 管理员, 管理员, 管理员, 管理员, 管理员, 普通用户, 管理员, 管理员, 管理员, 管理员, 管理员, 管理员, 管理员, 管理员, 管理员, 管理员, 管理员, 管理员, 管理员, 管理员, 管理员, 管理员, 管理员, 管理员, 管理员, 管理员, 管理员, 管理员, 管理员, 管理员, 管理员, 管理员, 普通用户, 管理员, 管理员, 管理员, 管理员, 管理员, 管理员, 管理员, 管理员, 管理员, 管理员, 管理员, 管理员, 管理员, 管理员, 管理员, 管理员, 管理员, 管理员, 管理员, 管理员, 管理员, 管理员, 管理员, 管理员, 管理员, 管理员, 普通用户, 管理员, 管理员, 管理员, 管理员, 管理员, 管理员, 管理员, 管理员, 管理员, 管理员, 管理员, 管理员, 管理员, 管理员, 管理员, 管理员, 管理员, 管理员, 管理员, 管理员, 管理员, 管理员, 管理员, 管理员, 管理员, 管理员, 普通用户, 管理员, 管理员, 管理员, 管理员, 管理员, 管理员, 管理员, 管理员, 管理员, 管理员, 管理员, 管理员, 管理员, 管理员, 管理员, 管理员, 管理员, 管理员, 管理员, 管理员, 管理员, 管理员, 管理员, 管理员, 管理员, 管理员, 普通用户, 管理员, 管理员, 管理员, 管理员, 管理员, 管理员, 管理员, 管理员, 管理员, 管理员, 管理员, 管理员, 管理员, 管理员, 管理员, 管理员, 管理员, 管理员, 管理员, 管理员, 管理员, 管理员, 管理员, 管理员, 管理员, 管理员, 普通用户, 管理员, 管理员, 管理员, 管理员, 管理员, 管理员, 管理员, 管理员, 管理员, 管理员, 管理员, 管理员, 管理员, 管理员, 管理员, 管理员, 管理员, 管理员, 管理员, 管理员, 管理员, 管理员, 管理员, 管理员, 管理员, 管理员, 普通用户, 管理员, 管理员, 管理员, 管理员, 管理员, 管理员, 管理员, 管理员, 管理员, 管理员, 管理员, 管理员, 管理员, 管理员, 管理员, 管理员, 管理员, 管理员, 管理员, 管理员, 管理员, 管理员, 管理员, 管理员, 管理员, 管理员, 普通用户, 管理员, 管理员, 管理员, 管理员, 管理员, 管理员, 管理员, 管理员, 管理员, 管理员, 管理员, 管理员, 管理员, 管理员, 管理员, 管理员, 管理员, 管理员, 管理员, 管理员, 管理员, 管理员, 管理员, 管理员, 管理员, 管理员, 普通用户, 管理员, 管理员, 管理员, 管理员, 管理员, 管理员, 管理员, 管理员, 管理员, 管理员, 管理员, 管理员, 管理员, 管理员, 管理员, 管理员, 管理员, 管理员, 管理员, 管理员, 管理员, 管理员, 管理员, 管理员, 管理员, 管理员, 普通用户, 管理员, 管理员, 管理员, 管理员, 管理员, 管理员, 管理员, 管理员, 管理员, 管理员, 管理员, 管理员, 管理员, 管理员, 管理员, 管理员, 管理员, 管理员, 管理员, 管理员, 管理员, 管理员, 管理员, 管理员, 管理员, 管理员, 普通用户, 管理员, 管理员, 管理员, 管理员, 管理员, 管理员, 管理员, 管理员, 管理员, 管理员, 管理员, 管理员, 管理员, 管理员, 管理员, 管理员, 管理员, 管理员, 管理员, 管理员, 管理员, 管理员, 管理员, 管理员, 管理员, 管理员, 普通用户, 管理员, 管理员, 管理员, 管理员, 管理员, 管理员, 管理员, 管理员, 管理员, 管理员, 管理员, 管理员, 管理员, 管理员, 管理员, 管理员, 管理员, 管理员, 管理员, 管理员, 管理员, 管理员, 管理员, 管理员, 管理员, 管理员, 普通用户, 管理员, 管理员, 管理员, 管理员, 管理员, 管理员, 管理员, 管理员, 管理员, 管理员, 管理员, 管理员, 管理员, 管理员, 管理员, 管理员, 管理员, 管理员, 管理员, 管理员, 管理员, 管理员, 管理员, 管理员, 管理员, 管理员, 普通用户, 管理员, 管理员, 管理员, 管理员, 管理员, 管理员, 管理员, 管理员, 管理员, 管理员, 管理员, 管理员, 管理员, 管理员, 管理员, 管理员, 管理员, 管理员, 管理员, 管理员, 管理员, 管理员, 管理员, 管理员, 管理员, 管理员, 普通用户, 管理员, 管理员, 管理员, 管理员, 管理员, 管理员, 管理员, 管理员, 管理员, 管理员, 管理员, 管理员, 管理员, 管理员, 管理员, 管理员, 管理员, 管理员, 管理员, 管理员, 管理员, 管理员, 管理员, 管理员, 管理员, 管理员, 普通用户, 管理员, 管理员, 管理员, 管理员, 管理员, 管理员, 管理员, 管理员, 管理员, 管理员, 管理员, 管理员, 管理员, 管理员, 管理员, 管理员, 管理员, 管理员, 管理员, 管理员, 管理员, 管理员, 管理员, 管理员, 管理员, 管理员, 普通用户, 管理员, 管理员, 管理员, 管理员, 管理员, 管理员, 管理员, 管理员, 管理员, 管理员, 管理员, 管理员, 管理员, 管理员, 管理员, 管理员, 管理员, 管理员, 管理员, 管理员, 管理员, 管理员, 管理员, 管理员, 管理员, 管理员, 普通用户, 管理员, 管理员, 管理员, 管理员, 管理员, 管理员, 管理员, 管理员, 管理员, 管理员, 管理员, 管理员, 管理员, 管理员, 管理员, 管理员, 管理员, 管理员, 管理员, 管理员, 管理员, 管理员, 管理员, 管理员, 管理员, 管理员, 普通用户, 管理员, 管理员, 管理员, 管理员, 管理员, 管理员, 管理员, 管理员, 管理员, 管理员, 管理员, 管理员, 管理员, 管理员, 管理员, 管理员, 管理员, 管理员, 管理员, 管理员, 管理员, 管理员, 管理员, 管理员, 管理员, 管理员, 普通用户, 管理员, 管理员, 管理员, 管理员, 管理员, 管理员, 管理员, 管理员, 管理员, 管理员, 管理员, 管理员, 管理员, 管理员, 管理员, 管理员, 管理员, 管理员, 管理员, 管理员, 管理员, 管理员, 管理员, 管理员, 管理员, 管理员, 普通用户, 管理员, 管理员, 管理员, 管理员, 管理员, 管理员, 管理员, 管理员, 管理员, 管理员, 管理员, 管理员, 管理员, 管理员, 管理员, 管理员, 管理员, 管理员, 管理员, 管理员, 管理员, 管理员, 管理员, 管理员, 管理员, 管理员, 普通用户, 管理员, 管理员, 管理员, 管理员, 管理员, 管理员, 管理员, 管理员, 管理员, 管理员, 管理员, 管理员, 管理员, 管理员, 管理员, 管理员, 管理员, 管理员, 管理员, 管理员, 管理员, 管理员, 管理员, 管理员, 管理员, 管理员, 普通用户, 管理员, 管理员, 管理员, 管理员, 管理员, 管理员, 管理员, 管理员, 管理员, 管理员, 管理员, 管理员, 管理员, 管理员, 管理员, 管理员, 管理员, 管理员, 管理员, 管理员, 管理员, 管理员, 管理员, 管理员, 管理员, 管理员, 普通用户, 管理员, 管理员, 管理员, 管理员, 管理员, 管理员, 管理员, 管理员, 管理员, 管理员, 管理员, 管理员, 管理员, 管理员, 管理员, 管理员, 管理员, 管理员, 管理员, 管理员, 管理员, 管理员, 管理员, 管理员, 管理员, 管理员]
2020-01-03 12:08:45 INFO  [com.p6spy.engine.spy.appender.Slf4JLogger         ] : SQL Timeï¼ 1 ms | infoï¼ statement-0 | sqlï¼ select * from sys_user
