2020-01-09 13:53:51 INFO  [org.springframework.boot.StartupInfoLogger        ] : Starting CoreApplication on PC-201812242242 with PID 24216 (F:\Projects\maven\core\target\classes started by 韩惠德 in F:\Projects\maven)
2020-01-09 13:53:51 INFO  [org.springframework.boot.SpringApplication        ] : The following profiles are active: driver,toolkit
2020-01-09 13:53:52 INFO  [.repository.config.RepositoryConfigurationDelegate] : Multiple Spring Data modules found, entering strict repository configuration mode!
2020-01-09 13:53:52 INFO  [.repository.config.RepositoryConfigurationDelegate] : Bootstrapping Spring Data Redis repositories in DEFAULT mode.
2020-01-09 13:53:53 INFO  [.repository.config.RepositoryConfigurationDelegate] : Finished Spring Data repository scanning in 32ms. Found 0 Redis repository interfaces.
2020-01-09 13:53:53 INFO  [essorRegistrationDelegate$BeanPostProcessorChecker] : Bean 'org.springframework.transaction.annotation.ProxyTransactionManagementConfiguration' of type [org.springframework.transaction.annotation.ProxyTransactionManagementConfiguration] is not eligible for getting processed by all BeanPostProcessors (for example: not eligible for auto-proxying)
2020-01-09 13:53:53 INFO  [essorRegistrationDelegate$BeanPostProcessorChecker] : Bean 'redisConfig' of type [com.hanhuide.toolkit.config.RedisConfig$$EnhancerBySpringCGLIB$$19b5f674] is not eligible for getting processed by all BeanPostProcessors (for example: not eligible for auto-proxying)
2020-01-09 13:53:53 INFO  [essorRegistrationDelegate$BeanPostProcessorChecker] : Bean 'org.springframework.security.config.annotation.configuration.ObjectPostProcessorConfiguration' of type [org.springframework.security.config.annotation.configuration.ObjectPostProcessorConfiguration] is not eligible for getting processed by all BeanPostProcessors (for example: not eligible for auto-proxying)
2020-01-09 13:53:53 INFO  [essorRegistrationDelegate$BeanPostProcessorChecker] : Bean 'objectPostProcessor' of type [org.springframework.security.config.annotation.configuration.AutowireBeanFactoryObjectPostProcessor] is not eligible for getting processed by all BeanPostProcessors (for example: not eligible for auto-proxying)
2020-01-09 13:53:53 INFO  [essorRegistrationDelegate$BeanPostProcessorChecker] : Bean 'org.springframework.security.access.expression.method.DefaultMethodSecurityExpressionHandler@176f7f3b' of type [org.springframework.security.oauth2.provider.expression.OAuth2MethodSecurityExpressionHandler] is not eligible for getting processed by all BeanPostProcessors (for example: not eligible for auto-proxying)
2020-01-09 13:53:53 INFO  [essorRegistrationDelegate$BeanPostProcessorChecker] : Bean 'org.springframework.security.config.annotation.method.configuration.GlobalMethodSecurityConfiguration' of type [org.springframework.security.config.annotation.method.configuration.GlobalMethodSecurityConfiguration] is not eligible for getting processed by all BeanPostProcessors (for example: not eligible for auto-proxying)
2020-01-09 13:53:53 INFO  [essorRegistrationDelegate$BeanPostProcessorChecker] : Bean 'methodSecurityMetadataSource' of type [org.springframework.security.access.method.DelegatingMethodSecurityMetadataSource] is not eligible for getting processed by all BeanPostProcessors (for example: not eligible for auto-proxying)
2020-01-09 13:53:54 INFO  [framework.boot.web.embedded.tomcat.TomcatWebServer] : Tomcat initialized with port(s): 9001 (http)
2020-01-09 13:53:54 INFO  [org.apache.juli.logging.DirectJDKLog              ] : Initializing ProtocolHandler ["http-nio-9001"]
2020-01-09 13:53:54 INFO  [org.apache.juli.logging.DirectJDKLog              ] : Starting service [Tomcat]
2020-01-09 13:53:54 INFO  [org.apache.juli.logging.DirectJDKLog              ] : Starting Servlet engine: [Apache Tomcat/9.0.29]
2020-01-09 13:53:54 INFO  [org.apache.juli.logging.DirectJDKLog              ] : Initializing Spring embedded WebApplicationContext
2020-01-09 13:53:54 INFO  [servlet.context.ServletWebServerApplicationContext] : Root WebApplicationContext: initialization completed in 2644 ms
2020-01-09 13:53:54 INFO  [com.hanhuide.driver.config.DynamicDataSourceConfig] : DataSources:{MASTER={
	CreateTime:"2020-01-09 13:53:54",
	ActiveCount:0,
	PoolingCount:0,
	CreateCount:0,
	DestroyCount:0,
	CloseCount:0,
	ConnectCount:0,
	Connections:[
	]
}, CLUSTER={
	CreateTime:"2020-01-09 13:53:54",
	ActiveCount:0,
	PoolingCount:0,
	CreateCount:0,
	DestroyCount:0,
	CloseCount:0,
	ConnectCount:0,
	Connections:[
	]
}}
2020-01-09 13:53:54 INFO  [com.alibaba.druid.pool.DruidDataSource            ] : {dataSource-1} inited
2020-01-09 13:53:56 INFO  [gframework.security.web.DefaultSecurityFilterChain] : Creating filter chain: Ant [pattern='/css/**'], []
2020-01-09 13:53:56 INFO  [gframework.security.web.DefaultSecurityFilterChain] : Creating filter chain: Ant [pattern='/js/**'], []
2020-01-09 13:53:56 INFO  [gframework.security.web.DefaultSecurityFilterChain] : Creating filter chain: Ant [pattern='/fonts/**'], []
2020-01-09 13:53:56 INFO  [gframework.security.web.DefaultSecurityFilterChain] : Creating filter chain: Ant [pattern='/images/**'], []
2020-01-09 13:53:56 INFO  [gframework.security.web.DefaultSecurityFilterChain] : Creating filter chain: Ant [pattern='/vendor/**'], []
2020-01-09 13:53:56 INFO  [gframework.security.web.DefaultSecurityFilterChain] : Creating filter chain: Ant [pattern='/kaptcha/render'], []
2020-01-09 13:53:56 INFO  [gframework.security.web.DefaultSecurityFilterChain] : Creating filter chain: Ant [pattern='/favicon.ico'], []
2020-01-09 13:53:56 INFO  [gframework.security.web.DefaultSecurityFilterChain] : Creating filter chain: Ant [pattern='/qq'], []
2020-01-09 13:53:56 INFO  [gframework.security.web.DefaultSecurityFilterChain] : Creating filter chain: Ant [pattern='zhifubao'], []
2020-01-09 13:53:56 INFO  [gframework.security.web.DefaultSecurityFilterChain] : Creating filter chain: any request, [org.springframework.security.web.context.request.async.WebAsyncManagerIntegrationFilter@3e38c472, org.springframework.security.web.context.SecurityContextPersistenceFilter@4bce62b, org.springframework.security.web.header.HeaderWriterFilter@a056b26, org.springframework.security.web.authentication.logout.LogoutFilter@1510b9a2, com.hanhuide.core.filter.JwtAuthenticationTokenFilter@261b9a37, org.springframework.security.web.authentication.UsernamePasswordAuthenticationFilter@57e03347, org.springframework.security.web.authentication.www.BasicAuthenticationFilter@20ffb8d5, org.springframework.security.web.savedrequest.RequestCacheAwareFilter@15a8cebd, org.springframework.security.web.servletapi.SecurityContextHolderAwareRequestFilter@69b3886f, org.springframework.security.web.authentication.rememberme.RememberMeAuthenticationFilter@b8a144e, org.springframework.security.web.authentication.AnonymousAuthenticationFilter@2ee92e7d, org.springframework.security.web.session.SessionManagementFilter@250967f1, org.springframework.security.web.access.ExceptionTranslationFilter@2a04ab05, org.springframework.security.web.access.intercept.FilterSecurityInterceptor@6eda012b]
2020-01-09 13:53:56 INFO  [ng.web.PropertySourcedRequestMappingHandlerMapping] : Mapped URL path [/v2/api-docs] onto method [springfox.documentation.swagger2.web.Swagger2Controller#getDocumentation(String, HttpServletRequest)]
2020-01-09 13:53:56 INFO  [scheduling.concurrent.ExecutorConfigurationSupport] : Initializing ExecutorService 'applicationTaskExecutor'
2020-01-09 13:53:57 INFO  [io.lettuce.core.EpollProvider                     ] : Starting without optional epoll library
2020-01-09 13:53:57 INFO  [io.lettuce.core.KqueueProvider                    ] : Starting without optional kqueue library
2020-01-09 13:53:57 INFO  [pring.web.plugins.DocumentationPluginsBootstrapper] : Context refreshed
2020-01-09 13:53:57 INFO  [pring.web.plugins.DocumentationPluginsBootstrapper] : Found 1 custom documentation plugin(s)
2020-01-09 13:53:57 INFO  [ion.spring.web.scanners.ApiListingReferenceScanner] : Scanning for api listing references
2020-01-09 13:53:58 INFO  [ng.annotation.ScheduledAnnotationBeanPostProcessor] : No TaskScheduler/ScheduledExecutorService bean found for scheduled processing
2020-01-09 13:53:58 INFO  [org.apache.juli.logging.DirectJDKLog              ] : Starting ProtocolHandler ["http-nio-9001"]
2020-01-09 13:53:58 INFO  [framework.boot.web.embedded.tomcat.TomcatWebServer] : Tomcat started on port(s): 9001 (http) with context path ''
2020-01-09 13:53:58 INFO  [org.springframework.boot.StartupInfoLogger        ] : Started CoreApplication in 8.76 seconds (JVM running for 10.821)
2020-01-09 16:47:32 INFO  [org.apache.juli.logging.DirectJDKLog              ] : Initializing Spring DispatcherServlet 'dispatcherServlet'
2020-01-09 16:47:32 INFO  [org.springframework.web.servlet.FrameworkServlet  ] : Initializing Servlet 'dispatcherServlet'
2020-01-09 16:47:32 INFO  [org.springframework.web.servlet.FrameworkServlet  ] : Completed initialization in 161 ms
